2024/02/05 05:50:23 [INFO   ] (args:157) - 

                              ## Arguments and Options ##
                              Input         : /input/Sample_31945-proband.tsv.xlsx
                              Output        : /input/Sample_31945-proband.tsv_hyperlinked.xlsx
                              Assembly      : hg19
                              Gene column   : Gene.refGene
                              Skip sheets   : []
                              Skip sites    : []
                              UCSC width    : 45
                              POS19         : POS
                              POS38         : POS_hg38
                              SpliceAI score: masked
                              SpliceAI dist : 10000
                              Windows URL   : False
        
2024/02/05 05:50:23 [INFO   ] (annolinks.cli:29) - Load /input/Sample_31945-proband.tsv.xlsx
2024/02/05 05:50:24 [INFO   ] (annolinks.cli:42) - Check specified columns (HGMD, DECIPHER, ...)
2024/02/05 05:50:24 [INFO   ] (errcheck:38) - All specified columns are not found.
2024/02/05 05:50:24 [INFO   ] (annolinks.cli:46) - Check required columns (CHROM, POS, REF, and ALT (or sepcified ALT column name))
2024/02/05 05:50:24 [INFO   ] (errcheck:56) - All required columns are found.
2024/02/05 05:50:24 [INFO   ] (annolinks.cli:51) - Check hyperlink limitation
2024/02/05 05:50:24 [INFO   ] (errcheck:77) - Total number of hyperlinks are 1700.
2024/02/05 05:50:24 [INFO   ] (annolinks.cli:57) - Preprocess (liftover)
2024/02/05 05:50:24 [INFO   ] (preprocess:45) - Inserting liftover columns ('POS_hg38') to AD
2024/02/05 05:50:26 [INFO   ] (preprocess:45) - Inserting liftover columns ('POS_hg38') to Homo
2024/02/05 05:50:26 [WARNING] (preprocess:36) - Failed to liftover 4:86032
2024/02/05 05:50:26 [INFO   ] (preprocess:45) - Inserting liftover columns ('POS_hg38') to CH
2024/02/05 05:50:26 [WARNING] (preprocess:36) - Failed to liftover 4:86032
2024/02/05 05:50:29 [INFO   ] (preprocess:45) - Inserting liftover columns ('POS_hg38') to XL
2024/02/05 05:50:29 [INFO   ] (annolinks.cli:78) - Insert URL columns to AD
2024/02/05 05:50:29 [INFO   ] (hyperlink:105) - Hyperlink columns: ['HGMD', 'Franklin', 'DECIPHER', 'SpliceAI_Lookup', 'UCSC']
2024/02/05 05:50:29 [INFO   ] (annolinks.cli:78) - Insert URL columns to Homo
2024/02/05 05:50:30 [INFO   ] (hyperlink:105) - Hyperlink columns: ['HGMD', 'Franklin', 'DECIPHER', 'SpliceAI_Lookup', 'UCSC']
2024/02/05 05:50:30 [INFO   ] (annolinks.cli:78) - Insert URL columns to CH
2024/02/05 05:50:30 [INFO   ] (hyperlink:105) - Hyperlink columns: ['HGMD', 'Franklin', 'DECIPHER', 'SpliceAI_Lookup', 'UCSC']
2024/02/05 05:50:30 [INFO   ] (annolinks.cli:78) - Insert URL columns to XL
2024/02/05 05:50:30 [INFO   ] (hyperlink:105) - Hyperlink columns: ['HGMD', 'Franklin', 'DECIPHER', 'SpliceAI_Lookup', 'UCSC']
2024/02/05 05:50:30 [INFO   ] (annolinks.cli:83) - Write to Sample_31945-proband.tsv_tmp.xlsx for temporary use
2024/02/05 05:50:31 [INFO   ] (annolinks.cli:87) - Convert URLs to Hyperlinks using Openpyxl
2024/02/05 05:50:32 [INFO   ] (annolinks.cli:94) - Saving the result as a new excel file......
2024/02/05 05:50:33 [INFO   ] (annolinks.cli:98) - Saved as /input/Sample_31945-proband.tsv_hyperlinked.xlsx
2024/02/05 05:50:33 [INFO   ] (annolinks.cli:99) - Done
